2019-09-24 09:56:09 [AWT-EventQueue-0] ERROR fr.triedge.sekai.pixis.controller.PixisController - Cannot save project Sekai.prj
com.sun.xml.internal.bind.v2.runtime.IllegalAnnotationsException: 1 counts of IllegalAnnotationExceptions
	at com.sun.xml.internal.bind.v2.runtime.IllegalAnnotationsException$Builder.check(IllegalAnnotationsException.java:91) ~[?:1.8.0_121]
	at com.sun.xml.internal.bind.v2.runtime.JAXBContextImpl.getTypeInfoSet(JAXBContextImpl.java:445) ~[?:1.8.0_121]
	at com.sun.xml.internal.bind.v2.runtime.JAXBContextImpl.<init>(JAXBContextImpl.java:277) ~[?:1.8.0_121]
	at com.sun.xml.internal.bind.v2.runtime.JAXBContextImpl.<init>(JAXBContextImpl.java:124) ~[?:1.8.0_121]
	at com.sun.xml.internal.bind.v2.runtime.JAXBContextImpl$JAXBContextBuilder.build(JAXBContextImpl.java:1123) ~[?:1.8.0_121]
	at com.sun.xml.internal.bind.v2.ContextFactory.createContext(ContextFactory.java:147) ~[?:1.8.0_121]
	at sun.reflect.NativeMethodAccessorImpl.invoke0(Native Method) ~[?:1.8.0_121]
	at sun.reflect.NativeMethodAccessorImpl.invoke(NativeMethodAccessorImpl.java:62) ~[?:1.8.0_121]
	at sun.reflect.DelegatingMethodAccessorImpl.invoke(DelegatingMethodAccessorImpl.java:43) ~[?:1.8.0_121]
	at java.lang.reflect.Method.invoke(Method.java:498) ~[?:1.8.0_121]
	at javax.xml.bind.ContextFinder.newInstance(ContextFinder.java:247) ~[?:1.8.0_121]
	at javax.xml.bind.ContextFinder.newInstance(ContextFinder.java:234) ~[?:1.8.0_121]
	at javax.xml.bind.ContextFinder.find(ContextFinder.java:462) ~[?:1.8.0_121]
	at javax.xml.bind.JAXBContext.newInstance(JAXBContext.java:641) ~[?:1.8.0_121]
	at javax.xml.bind.JAXBContext.newInstance(JAXBContext.java:584) ~[?:1.8.0_121]
	at fr.triedge.sekai.common.utils.XmlHelper.storeXml(XmlHelper.java:26) ~[bin/:?]
	at fr.triedge.sekai.pixis.utils.Storage.storeProject(Storage.java:13) ~[bin/:?]
	at fr.triedge.sekai.pixis.utils.Storage.storeProjectToDefault(Storage.java:17) ~[bin/:?]
	at fr.triedge.sekai.pixis.model.Project.save(Project.java:26) ~[bin/:?]
	at fr.triedge.sekai.pixis.controller.PixisController.actionNewProject(PixisController.java:85) ~[bin/:?]
	at fr.triedge.sekai.pixis.ui.MainWindow.lambda$3(MainWindow.java:106) ~[bin/:?]
	at javax.swing.AbstractButton.fireActionPerformed(AbstractButton.java:2022) [?:1.8.0_121]
	at javax.swing.AbstractButton$Handler.actionPerformed(AbstractButton.java:2348) [?:1.8.0_121]
	at javax.swing.DefaultButtonModel.fireActionPerformed(DefaultButtonModel.java:402) [?:1.8.0_121]
	at javax.swing.DefaultButtonModel.setPressed(DefaultButtonModel.java:259) [?:1.8.0_121]
	at javax.swing.AbstractButton.doClick(AbstractButton.java:376) [?:1.8.0_121]
	at javax.swing.plaf.basic.BasicMenuItemUI.doClick(BasicMenuItemUI.java:833) [?:1.8.0_121]
	at javax.swing.plaf.basic.BasicMenuItemUI$Handler.mouseReleased(BasicMenuItemUI.java:877) [?:1.8.0_121]
	at java.awt.Component.processMouseEvent(Component.java:6533) [?:1.8.0_121]
	at javax.swing.JComponent.processMouseEvent(JComponent.java:3324) [?:1.8.0_121]
	at java.awt.Component.processEvent(Component.java:6298) [?:1.8.0_121]
	at java.awt.Container.processEvent(Container.java:2236) [?:1.8.0_121]
	at java.awt.Component.dispatchEventImpl(Component.java:4889) [?:1.8.0_121]
	at java.awt.Container.dispatchEventImpl(Container.java:2294) [?:1.8.0_121]
	at java.awt.Component.dispatchEvent(Component.java:4711) [?:1.8.0_121]
	at java.awt.LightweightDispatcher.retargetMouseEvent(Container.java:4888) [?:1.8.0_121]
	at java.awt.LightweightDispatcher.processMouseEvent(Container.java:4525) [?:1.8.0_121]
	at java.awt.LightweightDispatcher.dispatchEvent(Container.java:4466) [?:1.8.0_121]
	at java.awt.Container.dispatchEventImpl(Container.java:2280) [?:1.8.0_121]
	at java.awt.Window.dispatchEventImpl(Window.java:2746) [?:1.8.0_121]
	at java.awt.Component.dispatchEvent(Component.java:4711) [?:1.8.0_121]
	at java.awt.EventQueue.dispatchEventImpl(EventQueue.java:758) [?:1.8.0_121]
	at java.awt.EventQueue.access$500(EventQueue.java:97) [?:1.8.0_121]
	at java.awt.EventQueue$3.run(EventQueue.java:709) [?:1.8.0_121]
	at java.awt.EventQueue$3.run(EventQueue.java:703) [?:1.8.0_121]
	at java.security.AccessController.doPrivileged(Native Method) ~[?:1.8.0_121]
	at java.security.ProtectionDomain$JavaSecurityAccessImpl.doIntersectionPrivilege(ProtectionDomain.java:80) [?:1.8.0_121]
	at java.security.ProtectionDomain$JavaSecurityAccessImpl.doIntersectionPrivilege(ProtectionDomain.java:90) [?:1.8.0_121]
	at java.awt.EventQueue$4.run(EventQueue.java:731) [?:1.8.0_121]
	at java.awt.EventQueue$4.run(EventQueue.java:729) [?:1.8.0_121]
	at java.security.AccessController.doPrivileged(Native Method) ~[?:1.8.0_121]
	at java.security.ProtectionDomain$JavaSecurityAccessImpl.doIntersectionPrivilege(ProtectionDomain.java:80) [?:1.8.0_121]
	at java.awt.EventQueue.dispatchEvent(EventQueue.java:728) [?:1.8.0_121]
	at java.awt.EventDispatchThread.pumpOneEventForFilters(EventDispatchThread.java:201) [?:1.8.0_121]
	at java.awt.EventDispatchThread.pumpEventsForFilter(EventDispatchThread.java:116) [?:1.8.0_121]
	at java.awt.EventDispatchThread.pumpEventsForHierarchy(EventDispatchThread.java:105) [?:1.8.0_121]
	at java.awt.EventDispatchThread.pumpEvents(EventDispatchThread.java:101) [?:1.8.0_121]
	at java.awt.EventDispatchThread.pumpEvents(EventDispatchThread.java:93) [?:1.8.0_121]
	at java.awt.EventDispatchThread.run(EventDispatchThread.java:82) [?:1.8.0_121]
2019-09-24 09:56:20 [AWT-EventQueue-0] ERROR fr.triedge.sekai.pixis.controller.PixisController - Cannot save project Sekai.prj
com.sun.xml.internal.bind.v2.runtime.IllegalAnnotationsException: 1 counts of IllegalAnnotationExceptions
	at com.sun.xml.internal.bind.v2.runtime.IllegalAnnotationsException$Builder.check(IllegalAnnotationsException.java:91) ~[?:1.8.0_121]
	at com.sun.xml.internal.bind.v2.runtime.JAXBContextImpl.getTypeInfoSet(JAXBContextImpl.java:445) ~[?:1.8.0_121]
	at com.sun.xml.internal.bind.v2.runtime.JAXBContextImpl.<init>(JAXBContextImpl.java:277) ~[?:1.8.0_121]
	at com.sun.xml.internal.bind.v2.runtime.JAXBContextImpl.<init>(JAXBContextImpl.java:124) ~[?:1.8.0_121]
	at com.sun.xml.internal.bind.v2.runtime.JAXBContextImpl$JAXBContextBuilder.build(JAXBContextImpl.java:1123) ~[?:1.8.0_121]
	at com.sun.xml.internal.bind.v2.ContextFactory.createContext(ContextFactory.java:147) ~[?:1.8.0_121]
	at sun.reflect.NativeMethodAccessorImpl.invoke0(Native Method) ~[?:1.8.0_121]
	at sun.reflect.NativeMethodAccessorImpl.invoke(NativeMethodAccessorImpl.java:62) ~[?:1.8.0_121]
	at sun.reflect.DelegatingMethodAccessorImpl.invoke(DelegatingMethodAccessorImpl.java:43) ~[?:1.8.0_121]
	at java.lang.reflect.Method.invoke(Method.java:498) ~[?:1.8.0_121]
	at javax.xml.bind.ContextFinder.newInstance(ContextFinder.java:247) ~[?:1.8.0_121]
	at javax.xml.bind.ContextFinder.newInstance(ContextFinder.java:234) ~[?:1.8.0_121]
	at javax.xml.bind.ContextFinder.find(ContextFinder.java:462) ~[?:1.8.0_121]
	at javax.xml.bind.JAXBContext.newInstance(JAXBContext.java:641) ~[?:1.8.0_121]
	at javax.xml.bind.JAXBContext.newInstance(JAXBContext.java:584) ~[?:1.8.0_121]
	at fr.triedge.sekai.common.utils.XmlHelper.storeXml(XmlHelper.java:26) ~[bin/:?]
	at fr.triedge.sekai.pixis.utils.Storage.storeProject(Storage.java:13) ~[bin/:?]
	at fr.triedge.sekai.pixis.utils.Storage.storeProjectToDefault(Storage.java:17) ~[bin/:?]
	at fr.triedge.sekai.pixis.model.Project.save(Project.java:26) ~[bin/:?]
	at fr.triedge.sekai.pixis.controller.PixisController.actionNewProject(PixisController.java:85) ~[bin/:?]
	at fr.triedge.sekai.pixis.ui.MainWindow.lambda$3(MainWindow.java:106) ~[bin/:?]
	at javax.swing.AbstractButton.fireActionPerformed(AbstractButton.java:2022) [?:1.8.0_121]
	at javax.swing.AbstractButton$Handler.actionPerformed(AbstractButton.java:2348) [?:1.8.0_121]
	at javax.swing.DefaultButtonModel.fireActionPerformed(DefaultButtonModel.java:402) [?:1.8.0_121]
	at javax.swing.DefaultButtonModel.setPressed(DefaultButtonModel.java:259) [?:1.8.0_121]
	at javax.swing.AbstractButton.doClick(AbstractButton.java:376) [?:1.8.0_121]
	at javax.swing.plaf.basic.BasicMenuItemUI.doClick(BasicMenuItemUI.java:833) [?:1.8.0_121]
	at javax.swing.plaf.basic.BasicMenuItemUI$Handler.mouseReleased(BasicMenuItemUI.java:877) [?:1.8.0_121]
	at java.awt.Component.processMouseEvent(Component.java:6533) [?:1.8.0_121]
	at javax.swing.JComponent.processMouseEvent(JComponent.java:3324) [?:1.8.0_121]
	at java.awt.Component.processEvent(Component.java:6298) [?:1.8.0_121]
	at java.awt.Container.processEvent(Container.java:2236) [?:1.8.0_121]
	at java.awt.Component.dispatchEventImpl(Component.java:4889) [?:1.8.0_121]
	at java.awt.Container.dispatchEventImpl(Container.java:2294) [?:1.8.0_121]
	at java.awt.Component.dispatchEvent(Component.java:4711) [?:1.8.0_121]
	at java.awt.LightweightDispatcher.retargetMouseEvent(Container.java:4888) [?:1.8.0_121]
	at java.awt.LightweightDispatcher.processMouseEvent(Container.java:4525) [?:1.8.0_121]
	at java.awt.LightweightDispatcher.dispatchEvent(Container.java:4466) [?:1.8.0_121]
	at java.awt.Container.dispatchEventImpl(Container.java:2280) [?:1.8.0_121]
	at java.awt.Window.dispatchEventImpl(Window.java:2746) [?:1.8.0_121]
	at java.awt.Component.dispatchEvent(Component.java:4711) [?:1.8.0_121]
	at java.awt.EventQueue.dispatchEventImpl(EventQueue.java:758) [?:1.8.0_121]
	at java.awt.EventQueue.access$500(EventQueue.java:97) [?:1.8.0_121]
	at java.awt.EventQueue$3.run(EventQueue.java:709) [?:1.8.0_121]
	at java.awt.EventQueue$3.run(EventQueue.java:703) [?:1.8.0_121]
	at java.security.AccessController.doPrivileged(Native Method) ~[?:1.8.0_121]
	at java.security.ProtectionDomain$JavaSecurityAccessImpl.doIntersectionPrivilege(ProtectionDomain.java:80) [?:1.8.0_121]
	at java.security.ProtectionDomain$JavaSecurityAccessImpl.doIntersectionPrivilege(ProtectionDomain.java:90) [?:1.8.0_121]
	at java.awt.EventQueue$4.run(EventQueue.java:731) [?:1.8.0_121]
	at java.awt.EventQueue$4.run(EventQueue.java:729) [?:1.8.0_121]
	at java.security.AccessController.doPrivileged(Native Method) ~[?:1.8.0_121]
	at java.security.ProtectionDomain$JavaSecurityAccessImpl.doIntersectionPrivilege(ProtectionDomain.java:80) [?:1.8.0_121]
	at java.awt.EventQueue.dispatchEvent(EventQueue.java:728) [?:1.8.0_121]
	at java.awt.EventDispatchThread.pumpOneEventForFilters(EventDispatchThread.java:201) [?:1.8.0_121]
	at java.awt.EventDispatchThread.pumpEventsForFilter(EventDispatchThread.java:116) [?:1.8.0_121]
	at java.awt.EventDispatchThread.pumpEventsForHierarchy(EventDispatchThread.java:105) [?:1.8.0_121]
	at java.awt.EventDispatchThread.pumpEvents(EventDispatchThread.java:101) [?:1.8.0_121]
	at java.awt.EventDispatchThread.pumpEvents(EventDispatchThread.java:93) [?:1.8.0_121]
	at java.awt.EventDispatchThread.run(EventDispatchThread.java:82) [?:1.8.0_121]
2019-09-24 10:04:54 [AWT-EventQueue-0] ERROR fr.triedge.sekai.pixis.controller.PixisController - Cannot load project
com.sun.xml.internal.bind.v2.runtime.IllegalAnnotationsException: 1 counts of IllegalAnnotationExceptions
	at com.sun.xml.internal.bind.v2.runtime.IllegalAnnotationsException$Builder.check(IllegalAnnotationsException.java:91) ~[?:1.8.0_121]
	at com.sun.xml.internal.bind.v2.runtime.JAXBContextImpl.getTypeInfoSet(JAXBContextImpl.java:445) ~[?:1.8.0_121]
	at com.sun.xml.internal.bind.v2.runtime.JAXBContextImpl.<init>(JAXBContextImpl.java:277) ~[?:1.8.0_121]
	at com.sun.xml.internal.bind.v2.runtime.JAXBContextImpl.<init>(JAXBContextImpl.java:124) ~[?:1.8.0_121]
	at com.sun.xml.internal.bind.v2.runtime.JAXBContextImpl$JAXBContextBuilder.build(JAXBContextImpl.java:1123) ~[?:1.8.0_121]
	at com.sun.xml.internal.bind.v2.ContextFactory.createContext(ContextFactory.java:147) ~[?:1.8.0_121]
	at sun.reflect.NativeMethodAccessorImpl.invoke0(Native Method) ~[?:1.8.0_121]
	at sun.reflect.NativeMethodAccessorImpl.invoke(NativeMethodAccessorImpl.java:62) ~[?:1.8.0_121]
	at sun.reflect.DelegatingMethodAccessorImpl.invoke(DelegatingMethodAccessorImpl.java:43) ~[?:1.8.0_121]
	at java.lang.reflect.Method.invoke(Method.java:498) ~[?:1.8.0_121]
	at javax.xml.bind.ContextFinder.newInstance(ContextFinder.java:247) ~[?:1.8.0_121]
	at javax.xml.bind.ContextFinder.newInstance(ContextFinder.java:234) ~[?:1.8.0_121]
	at javax.xml.bind.ContextFinder.find(ContextFinder.java:462) ~[?:1.8.0_121]
	at javax.xml.bind.JAXBContext.newInstance(JAXBContext.java:641) ~[?:1.8.0_121]
	at javax.xml.bind.JAXBContext.newInstance(JAXBContext.java:584) ~[?:1.8.0_121]
	at fr.triedge.sekai.common.utils.XmlHelper.loadXml(XmlHelper.java:41) ~[bin/:?]
	at fr.triedge.sekai.pixis.utils.Storage.loadProject(Storage.java:21) ~[bin/:?]
	at fr.triedge.sekai.pixis.controller.PixisController.actionOpenProject(PixisController.java:111) ~[bin/:?]
	at fr.triedge.sekai.pixis.ui.MainWindow.lambda$4(MainWindow.java:108) ~[bin/:?]
	at javax.swing.AbstractButton.fireActionPerformed(AbstractButton.java:2022) [?:1.8.0_121]
	at javax.swing.AbstractButton$Handler.actionPerformed(AbstractButton.java:2348) [?:1.8.0_121]
	at javax.swing.DefaultButtonModel.fireActionPerformed(DefaultButtonModel.java:402) [?:1.8.0_121]
	at javax.swing.DefaultButtonModel.setPressed(DefaultButtonModel.java:259) [?:1.8.0_121]
	at javax.swing.AbstractButton.doClick(AbstractButton.java:376) [?:1.8.0_121]
	at javax.swing.plaf.basic.BasicMenuItemUI.doClick(BasicMenuItemUI.java:833) [?:1.8.0_121]
	at javax.swing.plaf.basic.BasicMenuItemUI$Handler.mouseReleased(BasicMenuItemUI.java:877) [?:1.8.0_121]
	at java.awt.Component.processMouseEvent(Component.java:6533) [?:1.8.0_121]
	at javax.swing.JComponent.processMouseEvent(JComponent.java:3324) [?:1.8.0_121]
	at java.awt.Component.processEvent(Component.java:6298) [?:1.8.0_121]
	at java.awt.Container.processEvent(Container.java:2236) [?:1.8.0_121]
	at java.awt.Component.dispatchEventImpl(Component.java:4889) [?:1.8.0_121]
	at java.awt.Container.dispatchEventImpl(Container.java:2294) [?:1.8.0_121]
	at java.awt.Component.dispatchEvent(Component.java:4711) [?:1.8.0_121]
	at java.awt.LightweightDispatcher.retargetMouseEvent(Container.java:4888) [?:1.8.0_121]
	at java.awt.LightweightDispatcher.processMouseEvent(Container.java:4525) [?:1.8.0_121]
	at java.awt.LightweightDispatcher.dispatchEvent(Container.java:4466) [?:1.8.0_121]
	at java.awt.Container.dispatchEventImpl(Container.java:2280) [?:1.8.0_121]
	at java.awt.Window.dispatchEventImpl(Window.java:2746) [?:1.8.0_121]
	at java.awt.Component.dispatchEvent(Component.java:4711) [?:1.8.0_121]
	at java.awt.EventQueue.dispatchEventImpl(EventQueue.java:758) [?:1.8.0_121]
	at java.awt.EventQueue.access$500(EventQueue.java:97) [?:1.8.0_121]
	at java.awt.EventQueue$3.run(EventQueue.java:709) [?:1.8.0_121]
	at java.awt.EventQueue$3.run(EventQueue.java:703) [?:1.8.0_121]
	at java.security.AccessController.doPrivileged(Native Method) ~[?:1.8.0_121]
	at java.security.ProtectionDomain$JavaSecurityAccessImpl.doIntersectionPrivilege(ProtectionDomain.java:80) [?:1.8.0_121]
	at java.security.ProtectionDomain$JavaSecurityAccessImpl.doIntersectionPrivilege(ProtectionDomain.java:90) [?:1.8.0_121]
	at java.awt.EventQueue$4.run(EventQueue.java:731) [?:1.8.0_121]
	at java.awt.EventQueue$4.run(EventQueue.java:729) [?:1.8.0_121]
	at java.security.AccessController.doPrivileged(Native Method) ~[?:1.8.0_121]
	at java.security.ProtectionDomain$JavaSecurityAccessImpl.doIntersectionPrivilege(ProtectionDomain.java:80) [?:1.8.0_121]
	at java.awt.EventQueue.dispatchEvent(EventQueue.java:728) [?:1.8.0_121]
	at java.awt.EventDispatchThread.pumpOneEventForFilters(EventDispatchThread.java:201) [?:1.8.0_121]
	at java.awt.EventDispatchThread.pumpEventsForFilter(EventDispatchThread.java:116) [?:1.8.0_121]
	at java.awt.EventDispatchThread.pumpEventsForHierarchy(EventDispatchThread.java:105) [?:1.8.0_121]
	at java.awt.EventDispatchThread.pumpEvents(EventDispatchThread.java:101) [?:1.8.0_121]
	at java.awt.EventDispatchThread.pumpEvents(EventDispatchThread.java:93) [?:1.8.0_121]
	at java.awt.EventDispatchThread.run(EventDispatchThread.java:82) [?:1.8.0_121]
